<?xml version="1.0" encoding="UTF-8"?>
<!-- 
    File: test-client-cache-config.xml
 
    DO NOT ALTER OR REMOVE COPYRIGHT NOTICES OR THIS HEADER.
    
    The contents of this file are subject to the terms and conditions of 
    the Common Development and Distribution License 1.0 (the "License").

    You may not use this file except in compliance with the License.

    You can obtain a copy of the License by consulting the LICENSE.txt file
    distributed with this file, or by consulting https://oss.oracle.com/licenses/CDDL

    See the License for the specific language governing permissions
    and limitations under the License.

    When distributing the software, include this License Header Notice in each
    file and include the License file LICENSE.txt.

    MODIFICATIONS:
    If applicable, add the following below the License Header, with the fields
    enclosed by brackets [] replaced by your own identifying information:
    "Portions Copyright [year] [name of copyright owner]"
    
    Copyright (c) 2010. All Rights Reserved. Oracle Corporation.
 -->
<cache-config
	xmlns="http://xmlns.oracle.com/coherence/coherence-cache-config"
	xmlns:xsi="http://www.w3.org/2001/XMLSchema-instance"
    xsi:schemaLocation="http://xmlns.oracle.com/coherence/coherence-cache-config coherence-cache-config.xsd">

	<defaults>
		<serializer>pof</serializer>
	</defaults>

	<caching-scheme-mapping>
		<cache-mapping>
			<cache-name>*</cache-name>
			<scheme-name>remote-scheme</scheme-name>
		</cache-mapping>
	</caching-scheme-mapping>

	<caching-schemes>
		<remote-cache-scheme>
			<scheme-name>remote-scheme</scheme-name>
			<initiator-config> 
				<tcp-initiator> 
					<remote-addresses> 
						<socket-address> 
							<address system-property="remote.address">localhost</address> 
							<port system-property="remote.port">10000</port> 
						</socket-address> 
					</remote-addresses> 
					<connect-timeout>10s</connect-timeout> 
				</tcp-initiator> 
				<outgoing-message-handler> 
					<request-timeout>10s</request-timeout> 
				</outgoing-message-handler> 
			</initiator-config> 
		</remote-cache-scheme>

		<remote-invocation-scheme> 
			<service-name>ExtendTcpInvocationService</service-name> 
			<initiator-config> 
				<tcp-initiator> 
					<remote-addresses> 
						<socket-address> 
							<address system-property="remote.address">localhost</address> 
							<port system-property="remote.port">10000</port> 
						</socket-address> 
					</remote-addresses> 
					<connect-timeout>10s</connect-timeout> 
				</tcp-initiator> 
				<outgoing-message-handler> 
					<request-timeout>10s</request-timeout> 
				</outgoing-message-handler> 
			</initiator-config> 
		</remote-invocation-scheme>  
	</caching-schemes>
</cache-config>
		